<?xml version="1.0" encoding="UTF-8"?>
<!-- Generated by org.testng.reporters.JUnitXMLReporter -->
<testsuite ignored="0" hostname="FTL123456" failures="0" tests="3" name="Surefire test" time="0.208" errors="0" timestamp="2025-10-20T10:23:36 MST">
  <testcase classname="com.bank.los.tests.LoginTest" name="@BeforeMethod setup" time="0.014">
    <failure type="java.lang.ExceptionInInitializerError">
      <![CDATA[java.lang.ExceptionInInitializerError
at com.bank.los.core.ui.DriverFactory.initDriver(DriverFactory.java:16)
at com.bank.los.tests.LoginTest.setup(LoginTest.java:27)
at java.base/java.util.ArrayList.forEach(ArrayList.java:1604)
Caused by: java.lang.RuntimeException: âŒ Failed to load configuration file for environment: qa
at com.bank.los.core.config.ConfigReader.loadConfig(ConfigReader.java:23)
at com.bank.los.core.config.ConfigReader.<clinit>(ConfigReader.java:11)
... 37 more
Caused by: java.io.FileNotFoundException: core/src/main/resources/config.qa.properties (No such file or directory)
at java.base/java.io.FileInputStream.open0(Native Method)
at java.base/java.io.FileInputStream.open(FileInputStream.java:185)
at java.base/java.io.FileInputStream.<init>(FileInputStream.java:139)
at java.base/java.io.FileInputStream.<init>(FileInputStream.java:109)
at com.bank.los.core.config.ConfigReader.loadConfig(ConfigReader.java:19)
... 38 more
... Removed 34 stack frames]]>
    </failure>
  </testcase> <!-- @BeforeMethod setup -->
  <testcase classname="com.bank.los.tests.LoginTest" name="@AfterMethod teardown" time="0.0">
    <skipped/>
  </testcase> <!-- @AfterMethod teardown -->
  <testcase classname="com.bank.los.tests.LoginTest" name="@BeforeMethod setup" time="0.0">
    <skipped/>
  </testcase> <!-- @BeforeMethod setup -->
  <testcase classname="com.bank.los.tests.LoginTest" name="@AfterMethod teardown" time="0.0">
    <skipped/>
  </testcase> <!-- @AfterMethod teardown -->
  <testcase classname="com.bank.los.ui.tests.HelloUiTest" name="sanity" time="0.048"/>
  <testcase classname="com.bank.los.tests.LoginTest" name="failForScreenshot" time="0.0">
    <skipped/>
  </testcase> <!-- failForScreenshot -->
  <testcase classname="com.bank.los.tests.LoginTest" name="validLoginTest" time="0.0">
    <skipped/>
  </testcase> <!-- validLoginTest -->
</testsuite> <!-- Surefire test -->
