<?xml version="1.0" encoding="UTF-8"?>
<testsuite xmlns:xsi="http://www.w3.org/2001/XMLSchema-instance" xsi:noNamespaceSchemaLocation="https://maven.apache.org/surefire/maven-surefire-plugin/xsd/surefire-test-report-3.0.xsd" version="3.0" name="com.bank.los.runners.CucumberRegressionRunner" time="1.102" tests="1" errors="0" skipped="0" failures="0">
  <properties>
[...]
</properties>
  <testcase name="runScenario[&quot;Happy path approval&quot;, &quot;Loan Application Lifecycle&quot;](1)" classname="com.bank.los.runners.CucumberRegressionRunner" time="0.183">
    <system-out><![CDATA[
@smoke @regression
Scenario: Happy path approval                                             &amp#27;[90m# src/test/resources/features/loan_application.feature:7&amp#27;[0m
Environment set to: local
  &amp#27;[32mGiven &amp#27;[0m&amp#27;[32menvironment is &amp#27;[0m&amp#27;[32m&amp#27;[1m"local"&amp#27;[0m                                            &amp#27;[90m# com.bank.los.steps.EnvSteps.environment_is(java.lang.String)&amp#27;[0m
Member created: FICO 760 | Income 120000
  &amp#27;[32mGiven &amp#27;[0m&amp#27;[32ma member with FICO score &amp#27;[0m&amp#27;[32m&amp#27;[1m760&amp#27;[0m&amp#27;[32m and annualIncome &amp#27;[0m&amp#27;[32m&amp#27;[1m120000&amp#27;[0m              &amp#27;[90m# com.bank.los.steps.LoanSteps.a_member_with_FICO_score_and_annualIncome(java.lang.Integer,java.lang.Integer)&amp#27;[0m
Submitted loan: amount 25000 | term 36
  &amp#27;[32mWhen &amp#27;[0m&amp#27;[32mthe member submits a loan application for amount &amp#27;[0m&amp#27;[32m&amp#27;[1m25000&amp#27;[0m&amp#27;[32m and term &amp#27;[0m&amp#27;[32m&amp#27;[1m36&amp#27;[0m &amp#27;[90m# com.bank.los.steps.LoanSteps.the_member_submits_a_loan_application(java.lang.Integer,java.lang.Integer)&amp#27;[0m
Expected status: SUBMITTED
  &amp#27;[32mThen &amp#27;[0m&amp#27;[32mthe LOS returns status &amp#27;[0m&amp#27;[32m&amp#27;[1m"SUBMITTED"&amp#27;[0m                                 &amp#27;[90m# com.bank.los.steps.LoanSteps.the_LOS_returns_status(java.lang.String)&amp#27;[0m
]]></system-out>
    <system-err><![CDATA[SLF4J: Failed to load class "org.slf4j.impl.StaticLoggerBinder".
SLF4J: Defaulting to no-operation (NOP) logger implementation
SLF4J: See http://www.slf4j.org/codes.html#StaticLoggerBinder for further details.
]]></system-err>
  </testcase>
</testsuite>