<?xml version="1.0" encoding="UTF-8"?>
<testng-results ignored="0" total="1" passed="1" failed="0" skipped="0">
  <reporter-output>
  </reporter-output>
  <suite started-at="2025-10-13T14:33:04 MST" name="Surefire suite" finished-at="2025-10-13T14:33:05 MST" duration-ms="725">
    <groups>
      <group name="cucumber">
        <method signature="AbstractTestNGCucumberTests.runScenario(io.cucumber.testng.PickleWrapper,io.cucumber.testng.FeatureWrapper)[pri:0, instance:com.bank.los.runners.CucumberRegressionRunner@23282c25]" name="runScenario" class="io.cucumber.testng.AbstractTestNGCucumberTests"/>
      </group> <!-- cucumber -->
    </groups>
    <test started-at="2025-10-13T14:33:04 MST" name="Surefire test" finished-at="2025-10-13T14:33:05 MST" duration-ms="725">
      <class name="com.bank.los.runners.CucumberRegressionRunner">
        <test-method is-config="true" signature="setUpClass(org.testng.ITestContext)[pri:0, instance:com.bank.los.runners.CucumberRegressionRunner@23282c25]" started-at="2025-10-13T14:33:04 MST" name="setUpClass" finished-at="2025-10-13T14:33:04 MST" duration-ms="325" status="PASS">
          <params>
            <param index="0">
              <value>
                <![CDATA[org.testng.TestRunner@2a39fe6a]]>
              </value>
            </param>
          </params>
          <reporter-output>
          </reporter-output>
        </test-method> <!-- setUpClass -->
        <test-method signature="runScenario(io.cucumber.testng.PickleWrapper,io.cucumber.testng.FeatureWrapper)[pri:0, instance:com.bank.los.runners.CucumberRegressionRunner@23282c25]" started-at="2025-10-13T14:33:04 MST" name="runScenario" description="Runs Cucumber Scenarios" data-provider="scenarios" finished-at="2025-10-13T14:33:04 MST" duration-ms="183" status="PASS">
          <params>
            <param index="0">
              <value>
                <![CDATA["Happy path approval"]]>
              </value>
            </param>
            <param index="1">
              <value>
                <![CDATA["Loan Application Lifecycle"]]>
              </value>
            </param>
          </params>
          <reporter-output>
          </reporter-output>
        </test-method> <!-- runScenario -->
        <test-method is-config="true" signature="tearDownClass()[pri:0, instance:com.bank.los.runners.CucumberRegressionRunner@23282c25]" started-at="2025-10-13T14:33:04 MST" name="tearDownClass" finished-at="2025-10-13T14:33:05 MST" duration-ms="179" status="PASS">
          <reporter-output>
          </reporter-output>
        </test-method> <!-- tearDownClass -->
      </class> <!-- com.bank.los.runners.CucumberRegressionRunner -->
    </test> <!-- Surefire test -->
  </suite> <!-- Surefire suite -->
</testng-results>
