<?xml version="1.0" encoding="UTF-8"?>
<testng-results ignored="0" total="2" passed="2" failed="0" skipped="0">
  <reporter-output>
  </reporter-output>
  <suite started-at="2025-10-20T10:20:51 MST" name="Surefire suite" finished-at="2025-10-20T10:20:51 MST" duration-ms="702">
    <groups>
      <group name="cucumber">
        <method signature="AbstractTestNGCucumberTests.runScenario(io.cucumber.testng.PickleWrapper,io.cucumber.testng.FeatureWrapper)[pri:0, instance:com.bank.los.runners.CucumberRegressionRunner@3d299e3]" name="runScenario" class="io.cucumber.testng.AbstractTestNGCucumberTests"/>
        <method signature="AbstractTestNGCucumberTests.runScenario(io.cucumber.testng.PickleWrapper,io.cucumber.testng.FeatureWrapper)[pri:0, instance:com.bank.los.runners.CucumberSmokeRunner@7920ba90]" name="runScenario" class="io.cucumber.testng.AbstractTestNGCucumberTests"/>
      </group> <!-- cucumber -->
    </groups>
    <test started-at="2025-10-20T10:20:51 MST" name="Surefire test" finished-at="2025-10-20T10:20:51 MST" duration-ms="702">
      <class name="com.bank.los.runners.CucumberSmokeRunner">
        <test-method is-config="true" signature="setUpClass(org.testng.ITestContext)[pri:0, instance:com.bank.los.runners.CucumberSmokeRunner@7920ba90]" started-at="2025-10-20T10:20:51 MST" name="setUpClass" finished-at="2025-10-20T10:20:51 MST" duration-ms="325" status="PASS">
          <params>
            <param index="0">
              <value>
                <![CDATA[org.testng.TestRunner@771158fb]]>
              </value>
            </param>
          </params>
          <reporter-output>
          </reporter-output>
        </test-method> <!-- setUpClass -->
        <test-method signature="runScenario(io.cucumber.testng.PickleWrapper,io.cucumber.testng.FeatureWrapper)[pri:0, instance:com.bank.los.runners.CucumberSmokeRunner@7920ba90]" started-at="2025-10-20T10:20:51 MST" name="runScenario" description="Runs Cucumber Scenarios" data-provider="scenarios" finished-at="2025-10-20T10:20:51 MST" duration-ms="172" status="PASS">
          <params>
            <param index="0">
              <value>
                <![CDATA["Happy path approval"]]>
              </value>
            </param>
            <param index="1">
              <value>
                <![CDATA["Loan Application Lifecycle"]]>
              </value>
            </param>
          </params>
          <reporter-output>
          </reporter-output>
        </test-method> <!-- runScenario -->
        <test-method is-config="true" signature="tearDownClass()[pri:0, instance:com.bank.los.runners.CucumberSmokeRunner@7920ba90]" started-at="2025-10-20T10:20:51 MST" name="tearDownClass" finished-at="2025-10-20T10:20:51 MST" duration-ms="149" status="PASS">
          <reporter-output>
          </reporter-output>
        </test-method> <!-- tearDownClass -->
      </class> <!-- com.bank.los.runners.CucumberSmokeRunner -->
      <class name="com.bank.los.runners.CucumberRegressionRunner">
        <test-method is-config="true" signature="setUpClass(org.testng.ITestContext)[pri:0, instance:com.bank.los.runners.CucumberRegressionRunner@3d299e3]" started-at="2025-10-20T10:20:51 MST" name="setUpClass" finished-at="2025-10-20T10:20:51 MST" duration-ms="6" status="PASS">
          <params>
            <param index="0">
              <value>
                <![CDATA[org.testng.TestRunner@771158fb]]>
              </value>
            </param>
          </params>
          <reporter-output>
          </reporter-output>
        </test-method> <!-- setUpClass -->
        <test-method signature="runScenario(io.cucumber.testng.PickleWrapper,io.cucumber.testng.FeatureWrapper)[pri:0, instance:com.bank.los.runners.CucumberRegressionRunner@3d299e3]" started-at="2025-10-20T10:20:51 MST" name="runScenario" description="Runs Cucumber Scenarios" data-provider="scenarios" finished-at="2025-10-20T10:20:51 MST" duration-ms="8" status="PASS">
          <params>
            <param index="0">
              <value>
                <![CDATA["Happy path approval"]]>
              </value>
            </param>
            <param index="1">
              <value>
                <![CDATA["Loan Application Lifecycle"]]>
              </value>
            </param>
          </params>
          <reporter-output>
          </reporter-output>
        </test-method> <!-- runScenario -->
        <test-method is-config="true" signature="tearDownClass()[pri:0, instance:com.bank.los.runners.CucumberRegressionRunner@3d299e3]" started-at="2025-10-20T10:20:51 MST" name="tearDownClass" finished-at="2025-10-20T10:20:51 MST" duration-ms="3" status="PASS">
          <reporter-output>
          </reporter-output>
        </test-method> <!-- tearDownClass -->
      </class> <!-- com.bank.los.runners.CucumberRegressionRunner -->
    </test> <!-- Surefire test -->
  </suite> <!-- Surefire suite -->
</testng-results>
